[05-Aug-2018 18:05:33 UTC] PHP Warning:  include(CST336/CST336FINAL/store/navbar.php): failed to open stream: No such file or directory in /home/ubuntu/workspace/cst336/CST336FinalProject/CST336/CST336FINAL/store/index.php on line 31
[05-Aug-2018 18:05:33 UTC] PHP Stack trace:
[05-Aug-2018 18:05:33 UTC] PHP   1. {main}() /home/ubuntu/workspace/cst336/CST336FinalProject/CST336/CST336FINAL/store/index.php:0
[05-Aug-2018 18:05:33 UTC] PHP Warning:  include(): Failed opening 'CST336/CST336FINAL/store/navbar.php' for inclusion (include_path='.:/usr/share/php:/usr/share/pear') in /home/ubuntu/workspace/cst336/CST336FinalProject/CST336/CST336FINAL/store/index.php on line 31
[05-Aug-2018 18:05:33 UTC] PHP Stack trace:
[05-Aug-2018 18:05:33 UTC] PHP   1. {main}() /home/ubuntu/workspace/cst336/CST336FinalProject/CST336/CST336FINAL/store/index.php:0
[05-Aug-2018 18:06:21 UTC] PHP Warning:  include(../dbConnection.php): failed to open stream: No such file or directory in /home/ubuntu/workspace/cst336/CST336FinalProject/CST336/CST336FINAL/store/search.php on line 4
[05-Aug-2018 18:06:21 UTC] PHP Stack trace:
[05-Aug-2018 18:06:21 UTC] PHP   1. {main}() /home/ubuntu/workspace/cst336/CST336FinalProject/CST336/CST336FINAL/store/search.php:0
[05-Aug-2018 18:06:21 UTC] PHP Warning:  include(): Failed opening '../dbConnection.php' for inclusion (include_path='.:/usr/share/php:/usr/share/pear') in /home/ubuntu/workspace/cst336/CST336FinalProject/CST336/CST336FINAL/store/search.php on line 4
[05-Aug-2018 18:06:21 UTC] PHP Stack trace:
[05-Aug-2018 18:06:21 UTC] PHP   1. {main}() /home/ubuntu/workspace/cst336/CST336FinalProject/CST336/CST336FINAL/store/search.php:0
[05-Aug-2018 18:06:21 UTC] PHP Fatal error:  Call to undefined function getDatabaseConnection() in /home/ubuntu/workspace/cst336/CST336FinalProject/CST336/CST336FINAL/store/search.php on line 6
[05-Aug-2018 18:06:21 UTC] PHP Stack trace:
[05-Aug-2018 18:06:21 UTC] PHP   1. {main}() /home/ubuntu/workspace/cst336/CST336FinalProject/CST336/CST336FINAL/store/search.php:0
[05-Aug-2018 18:06:29 UTC] PHP Warning:  include(../dbConnection.php): failed to open stream: No such file or directory in /home/ubuntu/workspace/cst336/CST336FinalProject/CST336/CST336FINAL/store/search.php on line 4
[05-Aug-2018 18:06:29 UTC] PHP Stack trace:
[05-Aug-2018 18:06:29 UTC] PHP   1. {main}() /home/ubuntu/workspace/cst336/CST336FinalProject/CST336/CST336FINAL/store/search.php:0
[05-Aug-2018 18:06:29 UTC] PHP Warning:  include(): Failed opening '../dbConnection.php' for inclusion (include_path='.:/usr/share/php:/usr/share/pear') in /home/ubuntu/workspace/cst336/CST336FinalProject/CST336/CST336FINAL/store/search.php on line 4
[05-Aug-2018 18:06:29 UTC] PHP Stack trace:
[05-Aug-2018 18:06:29 UTC] PHP   1. {main}() /home/ubuntu/workspace/cst336/CST336FinalProject/CST336/CST336FINAL/store/search.php:0
[05-Aug-2018 18:06:29 UTC] PHP Fatal error:  Call to undefined function getDatabaseConnection() in /home/ubuntu/workspace/cst336/CST336FinalProject/CST336/CST336FINAL/store/search.php on line 6
[05-Aug-2018 18:06:29 UTC] PHP Stack trace:
[05-Aug-2018 18:06:29 UTC] PHP   1. {main}() /home/ubuntu/workspace/cst336/CST336FinalProject/CST336/CST336FINAL/store/search.php:0
[05-Aug-2018 19:51:59 UTC] PHP Warning:  include(../../dbConnection.php): failed to open stream: No such file or directory in /home/ubuntu/workspace/cst336/CST336FINAL/store/search.php on line 4
[05-Aug-2018 19:51:59 UTC] PHP Stack trace:
[05-Aug-2018 19:51:59 UTC] PHP   1. {main}() /home/ubuntu/workspace/cst336/CST336FINAL/store/search.php:0
[05-Aug-2018 19:51:59 UTC] PHP Warning:  include(): Failed opening '../../dbConnection.php' for inclusion (include_path='.:/usr/share/php:/usr/share/pear') in /home/ubuntu/workspace/cst336/CST336FINAL/store/search.php on line 4
[05-Aug-2018 19:51:59 UTC] PHP Stack trace:
[05-Aug-2018 19:51:59 UTC] PHP   1. {main}() /home/ubuntu/workspace/cst336/CST336FINAL/store/search.php:0
[05-Aug-2018 19:51:59 UTC] PHP Fatal error:  Call to undefined function getDatabaseConnection() in /home/ubuntu/workspace/cst336/CST336FINAL/store/search.php on line 6
[05-Aug-2018 19:51:59 UTC] PHP Stack trace:
[05-Aug-2018 19:51:59 UTC] PHP   1. {main}() /home/ubuntu/workspace/cst336/CST336FINAL/store/search.php:0
[05-Aug-2018 20:45:54 UTC] PHP Warning:  Invalid argument supplied for foreach() in /home/ubuntu/workspace/cst336/CST336FINAL/store/checkout.php on line 55
[05-Aug-2018 20:45:54 UTC] PHP Stack trace:
[05-Aug-2018 20:45:54 UTC] PHP   1. {main}() /home/ubuntu/workspace/cst336/CST336FINAL/store/checkout.php:0
[05-Aug-2018 20:45:54 UTC] PHP   2. displaySummery() /home/ubuntu/workspace/cst336/CST336FINAL/store/checkout.php:117
[05-Aug-2018 21:03:55 UTC] PHP Parse error:  syntax error, unexpected '$img' (T_VARIABLE), expecting ',' or ';' in /home/ubuntu/workspace/cst336/CST336FINAL/admin/admin.php on line 138
[05-Aug-2018 21:04:03 UTC] PHP Parse error:  syntax error, unexpected '$img' (T_VARIABLE), expecting ',' or ';' in /home/ubuntu/workspace/cst336/CST336FINAL/admin/admin.php on line 138
[06-Aug-2018 04:12:56 UTC] PHP Fatal error:  Uncaught exception 'PDOException' with message 'SQLSTATE[23000]: Integrity constraint violation: 1048 Column 'plantDesc' cannot be null' in /home/ubuntu/workspace/cst336/CST336FINAL/admin/addProduct.php:39
Stack trace:
#0 /home/ubuntu/workspace/cst336/CST336FINAL/admin/addProduct.php(39): PDOStatement->execute(Array)
#1 {main}
  thrown in /home/ubuntu/workspace/cst336/CST336FINAL/admin/addProduct.php on line 39
