[25-Jul-2018 19:15:01 UTC] PHP Fatal error:  Call to undefined function getCategories() in /home/ubuntu/workspace/cst336/project/updateProduct.php on line 75
[25-Jul-2018 19:15:01 UTC] PHP Stack trace:
[25-Jul-2018 19:15:01 UTC] PHP   1. {main}() /home/ubuntu/workspace/cst336/project/updateProduct.php:0
[25-Jul-2018 19:28:06 UTC] PHP Fatal error:  Uncaught exception 'PDOException' with message 'SQLSTATE[HY093]: Invalid parameter number: number of bound variables does not match number of tokens' in /home/ubuntu/workspace/cst336/project/updateProduct.php:33
Stack trace:
#0 /home/ubuntu/workspace/cst336/project/updateProduct.php(33): PDOStatement->execute(Array)
#1 /home/ubuntu/workspace/cst336/project/updateProduct.php(76): updateProduct()
#2 {main}
  thrown in /home/ubuntu/workspace/cst336/project/updateProduct.php on line 33
[25-Jul-2018 19:28:59 UTC] PHP Fatal error:  Uncaught exception 'PDOException' with message 'SQLSTATE[HY093]: Invalid parameter number: number of bound variables does not match number of tokens' in /home/ubuntu/workspace/cst336/project/updateProduct.php:33
Stack trace:
#0 /home/ubuntu/workspace/cst336/project/updateProduct.php(33): PDOStatement->execute(Array)
#1 /home/ubuntu/workspace/cst336/project/updateProduct.php(76): updateProduct()
#2 {main}
  thrown in /home/ubuntu/workspace/cst336/project/updateProduct.php on line 33
[25-Jul-2018 19:29:13 UTC] PHP Fatal error:  Uncaught exception 'PDOException' with message 'SQLSTATE[HY093]: Invalid parameter number: number of bound variables does not match number of tokens' in /home/ubuntu/workspace/cst336/project/updateProduct.php:33
Stack trace:
#0 /home/ubuntu/workspace/cst336/project/updateProduct.php(33): PDOStatement->execute(Array)
#1 /home/ubuntu/workspace/cst336/project/updateProduct.php(76): updateProduct()
#2 {main}
  thrown in /home/ubuntu/workspace/cst336/project/updateProduct.php on line 33
[25-Jul-2018 19:30:16 UTC] PHP Fatal error:  Uncaught exception 'PDOException' with message 'SQLSTATE[HY093]: Invalid parameter number: number of bound variables does not match number of tokens' in /home/ubuntu/workspace/cst336/project/updateProduct.php:33
Stack trace:
#0 /home/ubuntu/workspace/cst336/project/updateProduct.php(33): PDOStatement->execute(Array)
#1 /home/ubuntu/workspace/cst336/project/updateProduct.php(76): updateProduct()
#2 {main}
  thrown in /home/ubuntu/workspace/cst336/project/updateProduct.php on line 33
[25-Jul-2018 19:30:28 UTC] PHP Fatal error:  Uncaught exception 'PDOException' with message 'SQLSTATE[HY093]: Invalid parameter number: number of bound variables does not match number of tokens' in /home/ubuntu/workspace/cst336/project/updateProduct.php:33
Stack trace:
#0 /home/ubuntu/workspace/cst336/project/updateProduct.php(33): PDOStatement->execute(Array)
#1 /home/ubuntu/workspace/cst336/project/updateProduct.php(76): updateProduct()
#2 {main}
  thrown in /home/ubuntu/workspace/cst336/project/updateProduct.php on line 33
[25-Jul-2018 19:36:55 UTC] PHP Fatal error:  Uncaught exception 'PDOException' with message 'SQLSTATE[HY093]: Invalid parameter number: number of bound variables does not match number of tokens' in /home/ubuntu/workspace/cst336/project/updateProduct.php:48
Stack trace:
#0 /home/ubuntu/workspace/cst336/project/updateProduct.php(48): PDOStatement->execute(Array)
#1 /home/ubuntu/workspace/cst336/project/updateProduct.php(91): updateProduct()
#2 {main}
  thrown in /home/ubuntu/workspace/cst336/project/updateProduct.php on line 48
[25-Jul-2018 19:37:23 UTC] PHP Fatal error:  Uncaught exception 'PDOException' with message 'SQLSTATE[42000]: Syntax error or access violation: 1064 You have an error in your SQL syntax; check the manual that corresponds to your MySQL server version for the right syntax to use near 'WHERE idplant = NULL' at line 8' in /home/ubuntu/workspace/cst336/project/updateProduct.php:49
Stack trace:
#0 /home/ubuntu/workspace/cst336/project/updateProduct.php(49): PDOStatement->execute(Array)
#1 /home/ubuntu/workspace/cst336/project/updateProduct.php(92): updateProduct()
#2 {main}
  thrown in /home/ubuntu/workspace/cst336/project/updateProduct.php on line 49
[25-Jul-2018 19:37:38 UTC] PHP Fatal error:  Uncaught exception 'PDOException' with message 'SQLSTATE[42000]: Syntax error or access violation: 1064 You have an error in your SQL syntax; check the manual that corresponds to your MySQL server version for the right syntax to use near 'WHERE idplant = NULL' at line 8' in /home/ubuntu/workspace/cst336/project/updateProduct.php:49
Stack trace:
#0 /home/ubuntu/workspace/cst336/project/updateProduct.php(49): PDOStatement->execute(Array)
#1 /home/ubuntu/workspace/cst336/project/updateProduct.php(92): updateProduct()
#2 {main}
  thrown in /home/ubuntu/workspace/cst336/project/updateProduct.php on line 49
[25-Jul-2018 19:39:21 UTC] PHP Fatal error:  Uncaught exception 'PDOException' with message 'SQLSTATE[HY093]: Invalid parameter number: number of bound variables does not match number of tokens' in /home/ubuntu/workspace/cst336/project/updateProduct.php:48
Stack trace:
#0 /home/ubuntu/workspace/cst336/project/updateProduct.php(48): PDOStatement->execute(Array)
#1 /home/ubuntu/workspace/cst336/project/updateProduct.php(91): updateProduct()
#2 {main}
  thrown in /home/ubuntu/workspace/cst336/project/updateProduct.php on line 48
[25-Jul-2018 19:39:37 UTC] PHP Fatal error:  Uncaught exception 'PDOException' with message 'SQLSTATE[42000]: Syntax error or access violation: 1064 You have an error in your SQL syntax; check the manual that corresponds to your MySQL server version for the right syntax to use near 'WHERE idplant=' at line 7' in /home/ubuntu/workspace/cst336/project/updateProduct.php:48
Stack trace:
#0 /home/ubuntu/workspace/cst336/project/updateProduct.php(48): PDOStatement->execute(Array)
#1 /home/ubuntu/workspace/cst336/project/updateProduct.php(91): updateProduct()
#2 {main}
  thrown in /home/ubuntu/workspace/cst336/project/updateProduct.php on line 48
[25-Jul-2018 19:39:48 UTC] PHP Fatal error:  Uncaught exception 'PDOException' with message 'SQLSTATE[42000]: Syntax error or access violation: 1064 You have an error in your SQL syntax; check the manual that corresponds to your MySQL server version for the right syntax to use near '' at line 7' in /home/ubuntu/workspace/cst336/project/updateProduct.php:48
Stack trace:
#0 /home/ubuntu/workspace/cst336/project/updateProduct.php(48): PDOStatement->execute(Array)
#1 /home/ubuntu/workspace/cst336/project/updateProduct.php(91): updateProduct()
#2 {main}
  thrown in /home/ubuntu/workspace/cst336/project/updateProduct.php on line 48
[25-Jul-2018 19:39:58 UTC] PHP Fatal error:  Uncaught exception 'PDOException' with message 'SQLSTATE[42000]: Syntax error or access violation: 1064 You have an error in your SQL syntax; check the manual that corresponds to your MySQL server version for the right syntax to use near '' at line 7' in /home/ubuntu/workspace/cst336/project/updateProduct.php:48
Stack trace:
#0 /home/ubuntu/workspace/cst336/project/updateProduct.php(48): PDOStatement->execute(Array)
#1 /home/ubuntu/workspace/cst336/project/updateProduct.php(91): updateProduct()
#2 {main}
  thrown in /home/ubuntu/workspace/cst336/project/updateProduct.php on line 48
[25-Jul-2018 19:40:51 UTC] PHP Fatal error:  Uncaught exception 'PDOException' with message 'SQLSTATE[42000]: Syntax error or access violation: 1064 You have an error in your SQL syntax; check the manual that corresponds to your MySQL server version for the right syntax to use near ':' at line 7' in /home/ubuntu/workspace/cst336/project/updateProduct.php:48
Stack trace:
#0 /home/ubuntu/workspace/cst336/project/updateProduct.php(48): PDOStatement->execute(Array)
#1 /home/ubuntu/workspace/cst336/project/updateProduct.php(91): updateProduct()
#2 {main}
  thrown in /home/ubuntu/workspace/cst336/project/updateProduct.php on line 48
[25-Jul-2018 19:42:03 UTC] PHP Fatal error:  Uncaught exception 'PDOException' with message 'SQLSTATE[42000]: Syntax error or access violation: 1064 You have an error in your SQL syntax; check the manual that corresponds to your MySQL server version for the right syntax to use near '' at line 7' in /home/ubuntu/workspace/cst336/project/updateProduct.php:48
Stack trace:
#0 /home/ubuntu/workspace/cst336/project/updateProduct.php(48): PDOStatement->execute(Array)
#1 /home/ubuntu/workspace/cst336/project/updateProduct.php(91): updateProduct()
#2 {main}
  thrown in /home/ubuntu/workspace/cst336/project/updateProduct.php on line 48
[25-Jul-2018 19:42:45 UTC] PHP Fatal error:  Uncaught exception 'PDOException' with message 'SQLSTATE[42000]: Syntax error or access violation: 1064 You have an error in your SQL syntax; check the manual that corresponds to your MySQL server version for the right syntax to use near '' at line 7' in /home/ubuntu/workspace/cst336/project/updateProduct.php:49
Stack trace:
#0 /home/ubuntu/workspace/cst336/project/updateProduct.php(49): PDOStatement->execute(Array)
#1 /home/ubuntu/workspace/cst336/project/updateProduct.php(92): updateProduct()
#2 {main}
  thrown in /home/ubuntu/workspace/cst336/project/updateProduct.php on line 49
[25-Jul-2018 19:42:51 UTC] PHP Fatal error:  Uncaught exception 'PDOException' with message 'SQLSTATE[42000]: Syntax error or access violation: 1064 You have an error in your SQL syntax; check the manual that corresponds to your MySQL server version for the right syntax to use near '' at line 7' in /home/ubuntu/workspace/cst336/project/updateProduct.php:49
Stack trace:
#0 /home/ubuntu/workspace/cst336/project/updateProduct.php(49): PDOStatement->execute(Array)
#1 /home/ubuntu/workspace/cst336/project/updateProduct.php(92): updateProduct()
#2 {main}
  thrown in /home/ubuntu/workspace/cst336/project/updateProduct.php on line 49
[25-Jul-2018 19:43:54 UTC] PHP Fatal error:  Uncaught exception 'PDOException' with message 'SQLSTATE[HY093]: Invalid parameter number: number of bound variables does not match number of tokens' in /home/ubuntu/workspace/cst336/project/updateProduct.php:50
Stack trace:
#0 /home/ubuntu/workspace/cst336/project/updateProduct.php(50): PDOStatement->execute(Array)
#1 /home/ubuntu/workspace/cst336/project/updateProduct.php(93): updateProduct()
#2 {main}
  thrown in /home/ubuntu/workspace/cst336/project/updateProduct.php on line 50
[25-Jul-2018 19:46:19 UTC] PHP Fatal error:  Uncaught exception 'PDOException' with message 'SQLSTATE[HY093]: Invalid parameter number: number of bound variables does not match number of tokens' in /home/ubuntu/workspace/cst336/project/updateProduct.php:50
Stack trace:
#0 /home/ubuntu/workspace/cst336/project/updateProduct.php(50): PDOStatement->execute(Array)
#1 /home/ubuntu/workspace/cst336/project/updateProduct.php(93): updateProduct()
#2 {main}
  thrown in /home/ubuntu/workspace/cst336/project/updateProduct.php on line 50
[25-Jul-2018 20:18:26 UTC] PHP Fatal error:  Uncaught exception 'PDOException' with message 'SQLSTATE[HY093]: Invalid parameter number: parameter was not defined' in /home/ubuntu/workspace/cst336/project/updateProduct.php:42
Stack trace:
#0 /home/ubuntu/workspace/cst336/project/updateProduct.php(42): PDOStatement->execute(Array)
#1 {main}
  thrown in /home/ubuntu/workspace/cst336/project/updateProduct.php on line 42
[25-Jul-2018 20:19:23 UTC] PHP Fatal error:  Uncaught exception 'PDOException' with message 'SQLSTATE[HY093]: Invalid parameter number: number of bound variables does not match number of tokens' in /home/ubuntu/workspace/cst336/project/updateProduct.php:42
Stack trace:
#0 /home/ubuntu/workspace/cst336/project/updateProduct.php(42): PDOStatement->execute(Array)
#1 {main}
  thrown in /home/ubuntu/workspace/cst336/project/updateProduct.php on line 42
[25-Jul-2018 21:09:50 UTC] PHP Warning:  Illegal string offset 'imgLink' in /home/ubuntu/workspace/cst336/project/admin.php on line 89
[25-Jul-2018 21:09:50 UTC] PHP Stack trace:
[25-Jul-2018 21:09:50 UTC] PHP   1. {main}() /home/ubuntu/workspace/cst336/project/admin.php:0
[25-Jul-2018 21:09:50 UTC] PHP Warning:  Illegal string offset 'imgLink' in /home/ubuntu/workspace/cst336/project/admin.php on line 89
[25-Jul-2018 21:09:50 UTC] PHP Stack trace:
[25-Jul-2018 21:09:50 UTC] PHP   1. {main}() /home/ubuntu/workspace/cst336/project/admin.php:0
[25-Jul-2018 21:09:50 UTC] PHP Warning:  Illegal string offset 'plantName' in /home/ubuntu/workspace/cst336/project/admin.php on line 91
[25-Jul-2018 21:09:50 UTC] PHP Stack trace:
[25-Jul-2018 21:09:50 UTC] PHP   1. {main}() /home/ubuntu/workspace/cst336/project/admin.php:0
[25-Jul-2018 21:09:50 UTC] PHP Warning:  Illegal string offset 'plantDesc' in /home/ubuntu/workspace/cst336/project/admin.php on line 92
[25-Jul-2018 21:09:50 UTC] PHP Stack trace:
[25-Jul-2018 21:09:50 UTC] PHP   1. {main}() /home/ubuntu/workspace/cst336/project/admin.php:0
[25-Jul-2018 21:09:50 UTC] PHP Warning:  Illegal string offset 'priceDollar' in /home/ubuntu/workspace/cst336/project/admin.php on line 93
[25-Jul-2018 21:09:50 UTC] PHP Stack trace:
[25-Jul-2018 21:09:50 UTC] PHP   1. {main}() /home/ubuntu/workspace/cst336/project/admin.php:0
[25-Jul-2018 21:09:50 UTC] PHP Warning:  Illegal string offset 'priceCent' in /home/ubuntu/workspace/cst336/project/admin.php on line 93
[25-Jul-2018 21:09:50 UTC] PHP Stack trace:
[25-Jul-2018 21:09:50 UTC] PHP   1. {main}() /home/ubuntu/workspace/cst336/project/admin.php:0
[25-Jul-2018 21:09:50 UTC] PHP Warning:  Illegal string offset 'idplant' in /home/ubuntu/workspace/cst336/project/admin.php on line 94
[25-Jul-2018 21:09:50 UTC] PHP Stack trace:
[25-Jul-2018 21:09:50 UTC] PHP   1. {main}() /home/ubuntu/workspace/cst336/project/admin.php:0
[25-Jul-2018 21:45:33 UTC] PHP Fatal error:  Uncaught exception 'PDOException' with message 'SQLSTATE[42000]: Syntax error or access violation: 1064 You have an error in your SQL syntax; check the manual that corresponds to your MySQL server version for the right syntax to use near '' at line 1' in /home/ubuntu/workspace/cst336/project/deleteProduct.php:8
Stack trace:
#0 /home/ubuntu/workspace/cst336/project/deleteProduct.php(8): PDOStatement->execute()
#1 {main}
  thrown in /home/ubuntu/workspace/cst336/project/deleteProduct.php on line 8
[25-Jul-2018 21:46:23 UTC] PHP Fatal error:  Uncaught exception 'PDOException' with message 'SQLSTATE[42000]: Syntax error or access violation: 1064 You have an error in your SQL syntax; check the manual that corresponds to your MySQL server version for the right syntax to use near '' at line 1' in /home/ubuntu/workspace/cst336/project/deleteProduct.php:8
Stack trace:
#0 /home/ubuntu/workspace/cst336/project/deleteProduct.php(8): PDOStatement->execute()
#1 {main}
  thrown in /home/ubuntu/workspace/cst336/project/deleteProduct.php on line 8
[25-Jul-2018 21:48:51 UTC] PHP Fatal error:  Uncaught exception 'PDOException' with message 'SQLSTATE[42000]: Syntax error or access violation: 1064 You have an error in your SQL syntax; check the manual that corresponds to your MySQL server version for the right syntax to use near '' at line 1' in /home/ubuntu/workspace/cst336/project/deleteProduct.php:8
Stack trace:
#0 /home/ubuntu/workspace/cst336/project/deleteProduct.php(8): PDOStatement->execute()
#1 {main}
  thrown in /home/ubuntu/workspace/cst336/project/deleteProduct.php on line 8
[26-Jul-2018 03:14:40 UTC] PHP Fatal error:  Uncaught exception 'PDOException' with message 'SQLSTATE[42000]: Syntax error or access violation: 1064 You have an error in your SQL syntax; check the manual that corresponds to your MySQL server version for the right syntax to use near '' at line 1' in /home/ubuntu/workspace/cst336/project/deleteProduct.php:8
Stack trace:
#0 /home/ubuntu/workspace/cst336/project/deleteProduct.php(8): PDOStatement->execute()
#1 {main}
  thrown in /home/ubuntu/workspace/cst336/project/deleteProduct.php on line 8
[26-Jul-2018 03:27:56 UTC] PHP Fatal error:  Uncaught exception 'PDOException' with message 'SQLSTATE[42000]: Syntax error or access violation: 1064 You have an error in your SQL syntax; check the manual that corresponds to your MySQL server version for the right syntax to use near ''0' at line 1' in /home/ubuntu/workspace/cst336/project/deleteProduct.php:8
Stack trace:
#0 /home/ubuntu/workspace/cst336/project/deleteProduct.php(8): PDOStatement->execute()
#1 {main}
  thrown in /home/ubuntu/workspace/cst336/project/deleteProduct.php on line 8
[26-Jul-2018 06:57:30 UTC] PHP Warning:  getimagesize(a): failed to open stream: No such file or directory in /home/ubuntu/workspace/cst336/project/updateProduct.php on line 30
[26-Jul-2018 06:57:30 UTC] PHP Stack trace:
[26-Jul-2018 06:57:30 UTC] PHP   1. {main}() /home/ubuntu/workspace/cst336/project/updateProduct.php:0
[26-Jul-2018 06:57:30 UTC] PHP   2. getimagesize() /home/ubuntu/workspace/cst336/project/updateProduct.php:30
[26-Jul-2018 06:59:08 UTC] PHP Warning:  getimagesize(a): failed to open stream: No such file or directory in /home/ubuntu/workspace/cst336/project/updateProduct.php on line 30
[26-Jul-2018 06:59:08 UTC] PHP Stack trace:
[26-Jul-2018 06:59:08 UTC] PHP   1. {main}() /home/ubuntu/workspace/cst336/project/updateProduct.php:0
[26-Jul-2018 06:59:08 UTC] PHP   2. getimagesize() /home/ubuntu/workspace/cst336/project/updateProduct.php:30
[26-Jul-2018 06:59:17 UTC] PHP Warning:  getimagesize(a): failed to open stream: No such file or directory in /home/ubuntu/workspace/cst336/project/updateProduct.php on line 30
[26-Jul-2018 06:59:17 UTC] PHP Stack trace:
[26-Jul-2018 06:59:17 UTC] PHP   1. {main}() /home/ubuntu/workspace/cst336/project/updateProduct.php:0
[26-Jul-2018 06:59:17 UTC] PHP   2. getimagesize() /home/ubuntu/workspace/cst336/project/updateProduct.php:30
[26-Jul-2018 07:01:16 UTC] PHP Warning:  getimagesize(s): failed to open stream: No such file or directory in /home/ubuntu/workspace/cst336/project/updateProduct.php on line 30
[26-Jul-2018 07:01:16 UTC] PHP Stack trace:
[26-Jul-2018 07:01:16 UTC] PHP   1. {main}() /home/ubuntu/workspace/cst336/project/updateProduct.php:0
[26-Jul-2018 07:01:16 UTC] PHP   2. getimagesize() /home/ubuntu/workspace/cst336/project/updateProduct.php:30
[26-Jul-2018 07:02:10 UTC] PHP Warning:  getimagesize(s): failed to open stream: No such file or directory in /home/ubuntu/workspace/cst336/project/updateProduct.php on line 30
[26-Jul-2018 07:02:10 UTC] PHP Stack trace:
[26-Jul-2018 07:02:10 UTC] PHP   1. {main}() /home/ubuntu/workspace/cst336/project/updateProduct.php:0
[26-Jul-2018 07:02:10 UTC] PHP   2. getimagesize() /home/ubuntu/workspace/cst336/project/updateProduct.php:30
[26-Jul-2018 07:04:17 UTC] PHP Parse error:  syntax error, unexpected '"<br />"' (T_CONSTANT_ENCAPSED_STRING), expecting ',' or ';' in /home/ubuntu/workspace/cst336/project/updateProduct.php on line 31
[26-Jul-2018 07:05:39 UTC] PHP Warning:  getimagesize(a): failed to open stream: No such file or directory in /home/ubuntu/workspace/cst336/project/updateProduct.php on line 30
[26-Jul-2018 07:05:39 UTC] PHP Stack trace:
[26-Jul-2018 07:05:39 UTC] PHP   1. {main}() /home/ubuntu/workspace/cst336/project/updateProduct.php:0
[26-Jul-2018 07:05:39 UTC] PHP   2. getimagesize() /home/ubuntu/workspace/cst336/project/updateProduct.php:30
[26-Jul-2018 07:06:00 UTC] PHP Warning:  getimagesize(a): failed to open stream: No such file or directory in /home/ubuntu/workspace/cst336/project/updateProduct.php on line 30
[26-Jul-2018 07:06:00 UTC] PHP Stack trace:
[26-Jul-2018 07:06:00 UTC] PHP   1. {main}() /home/ubuntu/workspace/cst336/project/updateProduct.php:0
[26-Jul-2018 07:06:00 UTC] PHP   2. getimagesize() /home/ubuntu/workspace/cst336/project/updateProduct.php:30
[26-Jul-2018 07:06:28 UTC] PHP Warning:  getimagesize(a): failed to open stream: No such file or directory in /home/ubuntu/workspace/cst336/project/updateProduct.php on line 30
[26-Jul-2018 07:06:28 UTC] PHP Stack trace:
[26-Jul-2018 07:06:28 UTC] PHP   1. {main}() /home/ubuntu/workspace/cst336/project/updateProduct.php:0
[26-Jul-2018 07:06:28 UTC] PHP   2. getimagesize() /home/ubuntu/workspace/cst336/project/updateProduct.php:30
[26-Jul-2018 07:06:56 UTC] PHP Warning:  getimagesize(a): failed to open stream: No such file or directory in /home/ubuntu/workspace/cst336/project/updateProduct.php on line 31
[26-Jul-2018 07:06:56 UTC] PHP Stack trace:
[26-Jul-2018 07:06:56 UTC] PHP   1. {main}() /home/ubuntu/workspace/cst336/project/updateProduct.php:0
[26-Jul-2018 07:06:56 UTC] PHP   2. getimagesize() /home/ubuntu/workspace/cst336/project/updateProduct.php:31
[26-Jul-2018 07:06:59 UTC] PHP Warning:  getimagesize(a): failed to open stream: No such file or directory in /home/ubuntu/workspace/cst336/project/updateProduct.php on line 31
[26-Jul-2018 07:06:59 UTC] PHP Stack trace:
[26-Jul-2018 07:06:59 UTC] PHP   1. {main}() /home/ubuntu/workspace/cst336/project/updateProduct.php:0
[26-Jul-2018 07:06:59 UTC] PHP   2. getimagesize() /home/ubuntu/workspace/cst336/project/updateProduct.php:31
[26-Jul-2018 07:07:57 UTC] PHP Warning:  getimagesize(a): failed to open stream: No such file or directory in /home/ubuntu/workspace/cst336/project/updateProduct.php on line 30
[26-Jul-2018 07:07:57 UTC] PHP Stack trace:
[26-Jul-2018 07:07:57 UTC] PHP   1. {main}() /home/ubuntu/workspace/cst336/project/updateProduct.php:0
[26-Jul-2018 07:07:57 UTC] PHP   2. getimagesize() /home/ubuntu/workspace/cst336/project/updateProduct.php:30
[27-Jul-2018 05:28:58 UTC] PHP Parse error:  syntax error, unexpected '.00' (T_DNUMBER) in /home/ubuntu/workspace/cst336/project/aggregateFunc.php on line 10
[27-Jul-2018 05:30:08 UTC] PHP Parse error:  syntax error, unexpected '00' (T_LNUMBER) in /home/ubuntu/workspace/cst336/project/aggregateFunc.php on line 10
[27-Jul-2018 05:31:22 UTC] PHP Parse error:  syntax error, unexpected '00' (T_LNUMBER) in /home/ubuntu/workspace/cst336/project/aggregateFunc.php on line 10
[27-Jul-2018 21:37:38 UTC] PHP Parse error:  syntax error, unexpected end of file in /home/ubuntu/workspace/cst336/project/admin.php on line 244
